2018-08-13 09:22:07,678 [INFO] [main] cn.bitflash.BitflashConfigApplication [SpringApplication.java : 666] The following profiles are active: native
2018-08-13 09:22:07,686 [INFO] [main] o.s.b.w.s.c.AnnotationConfigServletWebServerApplicationContext [AbstractApplicationContext.java : 590] Refreshing org.springframework.boot.web.servlet.context.AnnotationConfigServletWebServerApplicationContext@16c58f5: startup date [Mon Aug 13 09:22:07 CST 2018]; parent: org.springframework.context.annotation.AnnotationConfigApplicationContext@1b4c3a9
2018-08-13 09:22:08,403 [INFO] [main] org.springframework.cloud.context.scope.GenericScope [GenericScope.java : 294] BeanFactory id=0bd606b7-7637-3741-a9fc-6cda8f1d1509
2018-08-13 09:22:08,419 [INFO] [main] o.s.b.f.annotation.AutowiredAnnotationBeanPostProcessor [AutowiredAnnotationBeanPostProcessor.java : 153] JSR-330 'javax.inject.Inject' annotation found and supported for autowiring
2018-08-13 09:22:08,497 [INFO] [main] o.s.c.s.PostProcessorRegistrationDelegate$BeanPostProcessorChecker [PostProcessorRegistrationDelegate.java : 326] Bean 'org.springframework.cloud.autoconfigure.ConfigurationPropertiesRebinderAutoConfiguration' of type [org.springframework.cloud.autoconfigure.ConfigurationPropertiesRebinderAutoConfiguration$$EnhancerBySpringCGLIB$$37cf94bf] is not eligible for getting processed by all BeanPostProcessors (for example: not eligible for auto-proxying)
2018-08-13 09:22:08,773 [INFO] [main] org.springframework.boot.web.embedded.tomcat.TomcatWebServer [TomcatWebServer.java : 91] Tomcat initialized with port(s): 8888 (http)
2018-08-13 09:22:08,786 [INFO] [main] org.apache.catalina.core.StandardService [DirectJDKLog.java : 180] Starting service [Tomcat]
2018-08-13 09:22:08,787 [INFO] [main] org.apache.catalina.core.StandardEngine [DirectJDKLog.java : 180] Starting Servlet Engine: Apache Tomcat/8.5.32
2018-08-13 09:22:08,789 [INFO] [localhost-startStop-1] org.apache.catalina.core.AprLifecycleListener [DirectJDKLog.java : 180] The APR based Apache Tomcat Native library which allows optimal performance in production environments was not found on the java.library.path: [D:\Program Files (x86)\Java\jdk1.8.0_131\bin;C:\Windows\Sun\Java\bin;C:\Windows\system32;C:\Windows;D:\Program Files (x86)\Java\jdk1.8.0_131\bin;D:\Program Files (x86)\Java\jdk1.8.0_131\jre\bin;D:\apache-maven-3.5.4\bin;C:\ProgramData\Oracle\Java\javapath;C:\Windows\system32;C:\Windows;C:\Windows\System32\Wbem;C:\Windows\System32\WindowsPowerShell\v1.0\;C:\Program Files\nodejs\;C:\Program Files\Git\cmd;C:\Program Files\TortoiseGit\bin;C:\Users\Administrator.PC-20180611FKLP\AppData\Roaming\npm;C:\Program Files\Docker Toolbox;.]
2018-08-13 09:22:08,904 [INFO] [localhost-startStop-1] o.a.catalina.core.ContainerBase.[Tomcat].[localhost].[/] [DirectJDKLog.java : 180] Initializing Spring embedded WebApplicationContext
2018-08-13 09:22:08,904 [INFO] [localhost-startStop-1] org.springframework.web.context.ContextLoader [ServletWebServerApplicationContext.java : 285] Root WebApplicationContext: initialization completed in 1218 ms
2018-08-13 09:22:09,043 [WARN] [localhost-startStop-1] com.netflix.config.sources.URLConfigurationSource [URLConfigurationSource.java : 121] No URLs will be polled as dynamic configuration sources.
2018-08-13 09:22:09,043 [INFO] [localhost-startStop-1] com.netflix.config.sources.URLConfigurationSource [URLConfigurationSource.java : 122] To enable URLs as dynamic configuration sources, define System property archaius.configurationSource.additionalUrls or make config.properties available on classpath.
2018-08-13 09:22:09,055 [INFO] [localhost-startStop-1] com.netflix.config.DynamicPropertyFactory [DynamicPropertyFactory.java : 281] DynamicPropertyFactory is initialized with configuration sources: com.netflix.config.ConcurrentCompositeConfiguration@c63afb
2018-08-13 09:22:10,298 [INFO] [localhost-startStop-1] org.springframework.boot.web.servlet.FilterRegistrationBean [AbstractFilterRegistrationBean.java : 245] Mapping filter: 'characterEncodingFilter' to: [/*]
2018-08-13 09:22:10,298 [INFO] [localhost-startStop-1] org.springframework.boot.web.servlet.FilterRegistrationBean [AbstractFilterRegistrationBean.java : 245] Mapping filter: 'webMvcMetricsFilter' to: [/*]
2018-08-13 09:22:10,299 [INFO] [localhost-startStop-1] org.springframework.boot.web.servlet.FilterRegistrationBean [AbstractFilterRegistrationBean.java : 245] Mapping filter: 'hiddenHttpMethodFilter' to: [/*]
2018-08-13 09:22:10,299 [INFO] [localhost-startStop-1] org.springframework.boot.web.servlet.FilterRegistrationBean [AbstractFilterRegistrationBean.java : 245] Mapping filter: 'httpPutFormContentFilter' to: [/*]
2018-08-13 09:22:10,299 [INFO] [localhost-startStop-1] org.springframework.boot.web.servlet.FilterRegistrationBean [AbstractFilterRegistrationBean.java : 245] Mapping filter: 'requestContextFilter' to: [/*]
2018-08-13 09:22:10,299 [INFO] [localhost-startStop-1] org.springframework.boot.web.servlet.FilterRegistrationBean [AbstractFilterRegistrationBean.java : 245] Mapping filter: 'httpTraceFilter' to: [/*]
2018-08-13 09:22:10,299 [INFO] [localhost-startStop-1] org.springframework.boot.web.servlet.ServletRegistrationBean [ServletRegistrationBean.java : 187] Servlet dispatcherServlet mapped to [/]
2018-08-13 09:22:10,340 [WARN] [main] com.netflix.config.sources.URLConfigurationSource [URLConfigurationSource.java : 121] No URLs will be polled as dynamic configuration sources.
2018-08-13 09:22:10,340 [INFO] [main] com.netflix.config.sources.URLConfigurationSource [URLConfigurationSource.java : 122] To enable URLs as dynamic configuration sources, define System property archaius.configurationSource.additionalUrls or make config.properties available on classpath.
2018-08-13 09:22:10,395 [INFO] [main] o.s.web.servlet.handler.SimpleUrlHandlerMapping [AbstractUrlHandlerMapping.java : 373] Mapped URL path [/**/favicon.ico] onto handler of type [class org.springframework.web.servlet.resource.ResourceHttpRequestHandler]
2018-08-13 09:22:10,534 [INFO] [main] o.s.w.s.mvc.method.annotation.RequestMappingHandlerAdapter [RequestMappingHandlerAdapter.java : 574] Looking for @ControllerAdvice: org.springframework.boot.web.servlet.context.AnnotationConfigServletWebServerApplicationContext@16c58f5: startup date [Mon Aug 13 09:22:07 CST 2018]; parent: org.springframework.context.annotation.AnnotationConfigApplicationContext@1b4c3a9
2018-08-13 09:22:10,634 [INFO] [main] o.s.w.s.mvc.method.annotation.RequestMappingHandlerMapping [AbstractHandlerMethodMapping.java : 547] Mapped "{[/error]}" onto public org.springframework.http.ResponseEntity<java.util.Map<java.lang.String, java.lang.Object>> org.springframework.boot.autoconfigure.web.servlet.error.BasicErrorController.error(javax.servlet.http.HttpServletRequest)
2018-08-13 09:22:10,635 [INFO] [main] o.s.w.s.mvc.method.annotation.RequestMappingHandlerMapping [AbstractHandlerMethodMapping.java : 547] Mapped "{[/error],produces=[text/html]}" onto public org.springframework.web.servlet.ModelAndView org.springframework.boot.autoconfigure.web.servlet.error.BasicErrorController.errorHtml(javax.servlet.http.HttpServletRequest,javax.servlet.http.HttpServletResponse)
2018-08-13 09:22:10,645 [INFO] [main] o.s.w.s.mvc.method.annotation.RequestMappingHandlerMapping [AbstractHandlerMethodMapping.java : 547] Mapped "{[/encrypt],methods=[POST]}" onto public java.lang.String org.springframework.cloud.config.server.encryption.EncryptionController.encrypt(java.lang.String,org.springframework.http.MediaType)
2018-08-13 09:22:10,645 [INFO] [main] o.s.w.s.mvc.method.annotation.RequestMappingHandlerMapping [AbstractHandlerMethodMapping.java : 547] Mapped "{[/encrypt/{name}/{profiles}],methods=[POST]}" onto public java.lang.String org.springframework.cloud.config.server.encryption.EncryptionController.encrypt(java.lang.String,java.lang.String,java.lang.String,org.springframework.http.MediaType)
2018-08-13 09:22:10,646 [INFO] [main] o.s.w.s.mvc.method.annotation.RequestMappingHandlerMapping [AbstractHandlerMethodMapping.java : 547] Mapped "{[/decrypt/{name}/{profiles}],methods=[POST]}" onto public java.lang.String org.springframework.cloud.config.server.encryption.EncryptionController.decrypt(java.lang.String,java.lang.String,java.lang.String,org.springframework.http.MediaType)
2018-08-13 09:22:10,646 [INFO] [main] o.s.w.s.mvc.method.annotation.RequestMappingHandlerMapping [AbstractHandlerMethodMapping.java : 547] Mapped "{[/decrypt],methods=[POST]}" onto public java.lang.String org.springframework.cloud.config.server.encryption.EncryptionController.decrypt(java.lang.String,org.springframework.http.MediaType)
2018-08-13 09:22:10,646 [INFO] [main] o.s.w.s.mvc.method.annotation.RequestMappingHandlerMapping [AbstractHandlerMethodMapping.java : 547] Mapped "{[/encrypt/status],methods=[GET]}" onto public java.util.Map<java.lang.String, java.lang.Object> org.springframework.cloud.config.server.encryption.EncryptionController.status()
2018-08-13 09:22:10,647 [INFO] [main] o.s.w.s.mvc.method.annotation.RequestMappingHandlerMapping [AbstractHandlerMethodMapping.java : 547] Mapped "{[/key],methods=[GET]}" onto public java.lang.String org.springframework.cloud.config.server.encryption.EncryptionController.getPublicKey()
2018-08-13 09:22:10,647 [INFO] [main] o.s.w.s.mvc.method.annotation.RequestMappingHandlerMapping [AbstractHandlerMethodMapping.java : 547] Mapped "{[/key/{name}/{profiles}],methods=[GET]}" onto public java.lang.String org.springframework.cloud.config.server.encryption.EncryptionController.getPublicKey(java.lang.String,java.lang.String)
2018-08-13 09:22:10,653 [INFO] [main] o.s.w.s.mvc.method.annotation.RequestMappingHandlerMapping [AbstractHandlerMethodMapping.java : 547] Mapped "{[/{name}-{profiles}.properties],methods=[GET]}" onto public org.springframework.http.ResponseEntity<java.lang.String> org.springframework.cloud.config.server.environment.EnvironmentController.properties(java.lang.String,java.lang.String,boolean) throws java.io.IOException
2018-08-13 09:22:10,654 [INFO] [main] o.s.w.s.mvc.method.annotation.RequestMappingHandlerMapping [AbstractHandlerMethodMapping.java : 547] Mapped "{[/{name}-{profiles}.yml || /{name}-{profiles}.yaml],methods=[GET]}" onto public org.springframework.http.ResponseEntity<java.lang.String> org.springframework.cloud.config.server.environment.EnvironmentController.yaml(java.lang.String,java.lang.String,boolean) throws java.lang.Exception
2018-08-13 09:22:10,654 [INFO] [main] o.s.w.s.mvc.method.annotation.RequestMappingHandlerMapping [AbstractHandlerMethodMapping.java : 547] Mapped "{[/{name}/{profiles:.*[^-].*}],methods=[GET]}" onto public org.springframework.cloud.config.environment.Environment org.springframework.cloud.config.server.environment.EnvironmentController.defaultLabel(java.lang.String,java.lang.String)
2018-08-13 09:22:10,654 [INFO] [main] o.s.w.s.mvc.method.annotation.RequestMappingHandlerMapping [AbstractHandlerMethodMapping.java : 547] Mapped "{[/{name}/{profiles}/{label:.*}],methods=[GET]}" onto public org.springframework.cloud.config.environment.Environment org.springframework.cloud.config.server.environment.EnvironmentController.labelled(java.lang.String,java.lang.String,java.lang.String)
2018-08-13 09:22:10,655 [INFO] [main] o.s.w.s.mvc.method.annotation.RequestMappingHandlerMapping [AbstractHandlerMethodMapping.java : 547] Mapped "{[/{name}-{profiles}.json],methods=[GET]}" onto public org.springframework.http.ResponseEntity<java.lang.String> org.springframework.cloud.config.server.environment.EnvironmentController.jsonProperties(java.lang.String,java.lang.String,boolean) throws java.lang.Exception
2018-08-13 09:22:10,655 [INFO] [main] o.s.w.s.mvc.method.annotation.RequestMappingHandlerMapping [AbstractHandlerMethodMapping.java : 547] Mapped "{[/{label}/{name}-{profiles}.yml || /{label}/{name}-{profiles}.yaml],methods=[GET]}" onto public org.springframework.http.ResponseEntity<java.lang.String> org.springframework.cloud.config.server.environment.EnvironmentController.labelledYaml(java.lang.String,java.lang.String,java.lang.String,boolean) throws java.lang.Exception
2018-08-13 09:22:10,656 [INFO] [main] o.s.w.s.mvc.method.annotation.RequestMappingHandlerMapping [AbstractHandlerMethodMapping.java : 547] Mapped "{[/{label}/{name}-{profiles}.properties],methods=[GET]}" onto public org.springframework.http.ResponseEntity<java.lang.String> org.springframework.cloud.config.server.environment.EnvironmentController.labelledProperties(java.lang.String,java.lang.String,java.lang.String,boolean) throws java.io.IOException
2018-08-13 09:22:10,656 [INFO] [main] o.s.w.s.mvc.method.annotation.RequestMappingHandlerMapping [AbstractHandlerMethodMapping.java : 547] Mapped "{[/{label}/{name}-{profiles}.json],methods=[GET]}" onto public org.springframework.http.ResponseEntity<java.lang.String> org.springframework.cloud.config.server.environment.EnvironmentController.labelledJsonProperties(java.lang.String,java.lang.String,java.lang.String,boolean) throws java.lang.Exception
2018-08-13 09:22:10,661 [INFO] [main] o.s.w.s.mvc.method.annotation.RequestMappingHandlerMapping [AbstractHandlerMethodMapping.java : 547] Mapped "{[/{name}/{profile}/{label}/**],methods=[GET],produces=[application/octet-stream]}" onto public synchronized byte[] org.springframework.cloud.config.server.resource.ResourceController.binary(java.lang.String,java.lang.String,java.lang.String,javax.servlet.http.HttpServletRequest) throws java.io.IOException
2018-08-13 09:22:10,662 [INFO] [main] o.s.w.s.mvc.method.annotation.RequestMappingHandlerMapping [AbstractHandlerMethodMapping.java : 547] Mapped "{[/{name}/{profile}/{label}/**],methods=[GET]}" onto public java.lang.String org.springframework.cloud.config.server.resource.ResourceController.retrieve(java.lang.String,java.lang.String,java.lang.String,javax.servlet.http.HttpServletRequest,boolean) throws java.io.IOException
2018-08-13 09:22:10,662 [INFO] [main] o.s.w.s.mvc.method.annotation.RequestMappingHandlerMapping [AbstractHandlerMethodMapping.java : 547] Mapped "{[/{name}/{profile}/**],methods=[GET],params=[useDefaultLabel]}" onto public java.lang.String org.springframework.cloud.config.server.resource.ResourceController.retrieve(java.lang.String,java.lang.String,javax.servlet.http.HttpServletRequest,boolean) throws java.io.IOException
2018-08-13 09:22:10,685 [INFO] [main] o.s.web.servlet.handler.SimpleUrlHandlerMapping [AbstractUrlHandlerMapping.java : 373] Mapped URL path [/webjars/**] onto handler of type [class org.springframework.web.servlet.resource.ResourceHttpRequestHandler]
2018-08-13 09:22:10,685 [INFO] [main] o.s.web.servlet.handler.SimpleUrlHandlerMapping [AbstractUrlHandlerMapping.java : 373] Mapped URL path [/**] onto handler of type [class org.springframework.web.servlet.resource.ResourceHttpRequestHandler]
2018-08-13 09:22:11,331 [INFO] [main] o.s.boot.actuate.endpoint.web.EndpointLinksResolver [EndpointLinksResolver.java : 59] Exposing 2 endpoint(s) beneath base path '/actuator'
2018-08-13 09:22:11,339 [INFO] [main] o.s.b.a.endpoint.web.servlet.WebMvcEndpointHandlerMapping [AbstractHandlerMethodMapping.java : 547] Mapped "{[/actuator/health],methods=[GET],produces=[application/vnd.spring-boot.actuator.v2+json || application/json]}" onto public java.lang.Object org.springframework.boot.actuate.endpoint.web.servlet.AbstractWebMvcEndpointHandlerMapping$OperationHandler.handle(javax.servlet.http.HttpServletRequest,java.util.Map<java.lang.String, java.lang.String>)
2018-08-13 09:22:11,339 [INFO] [main] o.s.b.a.endpoint.web.servlet.WebMvcEndpointHandlerMapping [AbstractHandlerMethodMapping.java : 547] Mapped "{[/actuator/info],methods=[GET],produces=[application/vnd.spring-boot.actuator.v2+json || application/json]}" onto public java.lang.Object org.springframework.boot.actuate.endpoint.web.servlet.AbstractWebMvcEndpointHandlerMapping$OperationHandler.handle(javax.servlet.http.HttpServletRequest,java.util.Map<java.lang.String, java.lang.String>)
2018-08-13 09:22:11,340 [INFO] [main] o.s.b.a.endpoint.web.servlet.WebMvcEndpointHandlerMapping [AbstractHandlerMethodMapping.java : 547] Mapped "{[/actuator],methods=[GET],produces=[application/vnd.spring-boot.actuator.v2+json || application/json]}" onto protected java.util.Map<java.lang.String, java.util.Map<java.lang.String, org.springframework.boot.actuate.endpoint.web.Link>> org.springframework.boot.actuate.endpoint.web.servlet.WebMvcEndpointHandlerMapping.links(javax.servlet.http.HttpServletRequest,javax.servlet.http.HttpServletResponse)
2018-08-13 09:22:11,380 [INFO] [main] o.s.jmx.export.annotation.AnnotationMBeanExporter [MBeanExporter.java : 433] Registering beans for JMX exposure on startup
2018-08-13 09:22:11,386 [INFO] [main] o.s.jmx.export.annotation.AnnotationMBeanExporter [MBeanExporter.java : 895] Bean with name 'environmentManager' has been autodetected for JMX exposure
2018-08-13 09:22:11,387 [INFO] [main] o.s.jmx.export.annotation.AnnotationMBeanExporter [MBeanExporter.java : 895] Bean with name 'configurationPropertiesRebinder' has been autodetected for JMX exposure
2018-08-13 09:22:11,387 [INFO] [main] o.s.jmx.export.annotation.AnnotationMBeanExporter [MBeanExporter.java : 895] Bean with name 'refreshScope' has been autodetected for JMX exposure
2018-08-13 09:22:11,390 [INFO] [main] o.s.jmx.export.annotation.AnnotationMBeanExporter [MBeanExporter.java : 675] Located managed bean 'environmentManager': registering with JMX server as MBean [org.springframework.cloud.context.environment:name=environmentManager,type=EnvironmentManager]
2018-08-13 09:22:11,396 [INFO] [main] o.s.jmx.export.annotation.AnnotationMBeanExporter [MBeanExporter.java : 675] Located managed bean 'refreshScope': registering with JMX server as MBean [org.springframework.cloud.context.scope.refresh:name=refreshScope,type=RefreshScope]
2018-08-13 09:22:11,402 [INFO] [main] o.s.jmx.export.annotation.AnnotationMBeanExporter [MBeanExporter.java : 675] Located managed bean 'configurationPropertiesRebinder': registering with JMX server as MBean [org.springframework.cloud.context.properties:name=configurationPropertiesRebinder,context=16c58f5,type=ConfigurationPropertiesRebinder]
2018-08-13 09:22:11,411 [INFO] [main] o.springframework.context.support.DefaultLifecycleProcessor [DefaultLifecycleProcessor.java : 351] Starting beans in phase 0
2018-08-13 09:22:11,416 [INFO] [main] org.springframework.cloud.netflix.eureka.InstanceInfoFactory [InstanceInfoFactory.java : 71] Setting initial instance status as: STARTING
2018-08-13 09:22:11,448 [INFO] [main] com.netflix.discovery.DiscoveryClient [DiscoveryClient.java : 349] Initializing Eureka in region us-east-1
2018-08-13 09:22:11,797 [INFO] [main] com.netflix.discovery.provider.DiscoveryJerseyProvider [DiscoveryJerseyProvider.java : 70] Using JSON encoding codec LegacyJacksonJson
2018-08-13 09:22:11,797 [INFO] [main] com.netflix.discovery.provider.DiscoveryJerseyProvider [DiscoveryJerseyProvider.java : 71] Using JSON decoding codec LegacyJacksonJson
2018-08-13 09:22:11,880 [INFO] [main] com.netflix.discovery.provider.DiscoveryJerseyProvider [DiscoveryJerseyProvider.java : 80] Using XML encoding codec XStreamXml
2018-08-13 09:22:11,880 [INFO] [main] com.netflix.discovery.provider.DiscoveryJerseyProvider [DiscoveryJerseyProvider.java : 81] Using XML decoding codec XStreamXml
2018-08-13 09:22:12,000 [INFO] [main] c.n.discovery.shared.resolver.aws.ConfigClusterResolver [ConfigClusterResolver.java : 43] Resolving eureka endpoints via configuration
2018-08-13 09:22:12,175 [INFO] [main] com.netflix.discovery.DiscoveryClient [DiscoveryClient.java : 958] Disable delta property : false
2018-08-13 09:22:12,175 [INFO] [main] com.netflix.discovery.DiscoveryClient [DiscoveryClient.java : 959] Single vip registry refresh property : null
2018-08-13 09:22:12,176 [INFO] [main] com.netflix.discovery.DiscoveryClient [DiscoveryClient.java : 960] Force full registry fetch : false
2018-08-13 09:22:12,176 [INFO] [main] com.netflix.discovery.DiscoveryClient [DiscoveryClient.java : 961] Application is null : false
2018-08-13 09:22:12,176 [INFO] [main] com.netflix.discovery.DiscoveryClient [DiscoveryClient.java : 962] Registered Applications size is zero : true
2018-08-13 09:22:12,176 [INFO] [main] com.netflix.discovery.DiscoveryClient [DiscoveryClient.java : 964] Application version is -1: true
2018-08-13 09:22:12,176 [INFO] [main] com.netflix.discovery.DiscoveryClient [DiscoveryClient.java : 1047] Getting all instance registry info from the eureka server
2018-08-13 09:22:12,418 [INFO] [main] com.netflix.discovery.DiscoveryClient [DiscoveryClient.java : 1056] The response status is 200
2018-08-13 09:22:12,420 [INFO] [main] com.netflix.discovery.DiscoveryClient [DiscoveryClient.java : 1264] Starting heartbeat executor: renew interval is: 30
2018-08-13 09:22:12,422 [INFO] [main] com.netflix.discovery.InstanceInfoReplicator [InstanceInfoReplicator.java : 60] InstanceInfoReplicator onDemand update allowed rate per min is 4
2018-08-13 09:22:12,425 [INFO] [main] com.netflix.discovery.DiscoveryClient [DiscoveryClient.java : 449] Discovery Client initialized at timestamp 1534123332424 with initial instances count: 0
2018-08-13 09:22:12,428 [INFO] [main] o.s.c.netflix.eureka.serviceregistry.EurekaServiceRegistry [EurekaServiceRegistry.java : 42] Registering application springcloud-config-server with eureka with status UP
2018-08-13 09:22:12,429 [INFO] [main] com.netflix.discovery.DiscoveryClient [DiscoveryClient.java : 1299] Saw local status change event StatusChangeEvent [timestamp=1534123332429, current=UP, previous=STARTING]
2018-08-13 09:22:12,430 [INFO] [DiscoveryClient-InstanceInfoReplicator-0] com.netflix.discovery.DiscoveryClient [DiscoveryClient.java : 826] DiscoveryClient_SPRINGCLOUD-CONFIG-SERVER/192.168.31.158:8888: registering service...
2018-08-13 09:22:12,474 [INFO] [main] org.springframework.boot.web.embedded.tomcat.TomcatWebServer [TomcatWebServer.java : 206] Tomcat started on port(s): 8888 (http) with context path ''
2018-08-13 09:22:12,475 [INFO] [main] o.s.c.n.eureka.serviceregistry.EurekaAutoServiceRegistration [EurekaAutoServiceRegistration.java : 124] Updating port to 8888
2018-08-13 09:22:12,477 [INFO] [main] cn.bitflash.BitflashConfigApplication [StartupInfoLogger.java : 59] Started BitflashConfigApplication in 6.177 seconds (JVM running for 6.931)
2018-08-13 09:22:12,511 [INFO] [DiscoveryClient-InstanceInfoReplicator-0] com.netflix.discovery.DiscoveryClient [DiscoveryClient.java : 835] DiscoveryClient_SPRINGCLOUD-CONFIG-SERVER/192.168.31.158:8888 - registration status: 204
2018-08-13 09:22:13,734 [INFO] [RMI TCP Connection(9)-127.0.0.1] o.a.catalina.core.ContainerBase.[Tomcat].[localhost].[/] [DirectJDKLog.java : 180] Initializing Spring FrameworkServlet 'dispatcherServlet'
2018-08-13 09:22:13,734 [INFO] [RMI TCP Connection(9)-127.0.0.1] org.springframework.web.servlet.DispatcherServlet [FrameworkServlet.java : 494] FrameworkServlet 'dispatcherServlet': initialization started
2018-08-13 09:22:13,747 [INFO] [RMI TCP Connection(9)-127.0.0.1] org.springframework.web.servlet.DispatcherServlet [FrameworkServlet.java : 509] FrameworkServlet 'dispatcherServlet': initialization completed in 12 ms
2018-08-13 09:22:14,112 [INFO] [RMI TCP Connection(4)-127.0.0.1] o.s.context.annotation.AnnotationConfigApplicationContext [AbstractApplicationContext.java : 590] Refreshing org.springframework.context.annotation.AnnotationConfigApplicationContext@7c43a6: startup date [Mon Aug 13 09:22:14 CST 2018]; root of context hierarchy
2018-08-13 09:22:14,121 [INFO] [RMI TCP Connection(4)-127.0.0.1] o.s.b.f.annotation.AutowiredAnnotationBeanPostProcessor [AutowiredAnnotationBeanPostProcessor.java : 153] JSR-330 'javax.inject.Inject' annotation found and supported for autowiring
2018-08-13 09:22:14,141 [INFO] [RMI TCP Connection(4)-127.0.0.1] o.s.context.annotation.AnnotationConfigApplicationContext [AbstractApplicationContext.java : 993] Closing org.springframework.context.annotation.AnnotationConfigApplicationContext@7c43a6: startup date [Mon Aug 13 09:22:14 CST 2018]; root of context hierarchy
2018-08-13 09:22:39,693 [INFO] [http-nio-8888-exec-1] o.s.context.annotation.AnnotationConfigApplicationContext [AbstractApplicationContext.java : 590] Refreshing org.springframework.context.annotation.AnnotationConfigApplicationContext@1739c20: startup date [Mon Aug 13 09:22:39 CST 2018]; root of context hierarchy
2018-08-13 09:22:39,709 [INFO] [http-nio-8888-exec-1] o.s.b.f.annotation.AutowiredAnnotationBeanPostProcessor [AutowiredAnnotationBeanPostProcessor.java : 153] JSR-330 'javax.inject.Inject' annotation found and supported for autowiring
2018-08-13 09:22:39,724 [INFO] [http-nio-8888-exec-1] o.s.c.config.server.environment.NativeEnvironmentRepository [NativeEnvironmentRepository.java : 264] Adding property source: file:D:/config/bitflash/bitflash-user-dev.yml (document #0)
2018-08-13 09:22:39,724 [INFO] [http-nio-8888-exec-1] o.s.c.config.server.environment.NativeEnvironmentRepository [NativeEnvironmentRepository.java : 264] Adding property source: file:D:/config/bitflash/bitflash-user-dev.yml (document #2)
2018-08-13 09:22:39,724 [INFO] [http-nio-8888-exec-1] o.s.context.annotation.AnnotationConfigApplicationContext [AbstractApplicationContext.java : 993] Closing org.springframework.context.annotation.AnnotationConfigApplicationContext@1739c20: startup date [Mon Aug 13 09:22:39 CST 2018]; root of context hierarchy
2018-08-13 09:22:42,423 [INFO] [DiscoveryClient-CacheRefreshExecutor-0] com.netflix.discovery.DiscoveryClient [DiscoveryClient.java : 958] Disable delta property : false
2018-08-13 09:22:42,423 [INFO] [DiscoveryClient-CacheRefreshExecutor-0] com.netflix.discovery.DiscoveryClient [DiscoveryClient.java : 959] Single vip registry refresh property : null
2018-08-13 09:22:42,423 [INFO] [DiscoveryClient-CacheRefreshExecutor-0] com.netflix.discovery.DiscoveryClient [DiscoveryClient.java : 960] Force full registry fetch : false
2018-08-13 09:22:42,423 [INFO] [DiscoveryClient-CacheRefreshExecutor-0] com.netflix.discovery.DiscoveryClient [DiscoveryClient.java : 961] Application is null : false
2018-08-13 09:22:42,424 [INFO] [DiscoveryClient-CacheRefreshExecutor-0] com.netflix.discovery.DiscoveryClient [DiscoveryClient.java : 962] Registered Applications size is zero : true
2018-08-13 09:22:42,424 [INFO] [DiscoveryClient-CacheRefreshExecutor-0] com.netflix.discovery.DiscoveryClient [DiscoveryClient.java : 964] Application version is -1: false
2018-08-13 09:22:42,424 [INFO] [DiscoveryClient-CacheRefreshExecutor-0] com.netflix.discovery.DiscoveryClient [DiscoveryClient.java : 1047] Getting all instance registry info from the eureka server
2018-08-13 09:22:42,458 [INFO] [DiscoveryClient-CacheRefreshExecutor-0] com.netflix.discovery.DiscoveryClient [DiscoveryClient.java : 1056] The response status is 200
2018-08-13 09:25:09,794 [INFO] [http-nio-8888-exec-3] o.s.context.annotation.AnnotationConfigApplicationContext [AbstractApplicationContext.java : 590] Refreshing org.springframework.context.annotation.AnnotationConfigApplicationContext@1989058: startup date [Mon Aug 13 09:25:09 CST 2018]; root of context hierarchy
2018-08-13 09:25:09,798 [INFO] [http-nio-8888-exec-3] o.s.b.f.annotation.AutowiredAnnotationBeanPostProcessor [AutowiredAnnotationBeanPostProcessor.java : 153] JSR-330 'javax.inject.Inject' annotation found and supported for autowiring
2018-08-13 09:25:09,803 [INFO] [http-nio-8888-exec-3] o.s.c.config.server.environment.NativeEnvironmentRepository [NativeEnvironmentRepository.java : 264] Adding property source: file:D:/config/bitflash/bitflash-user-dev.yml (document #0)
2018-08-13 09:25:09,803 [INFO] [http-nio-8888-exec-3] o.s.c.config.server.environment.NativeEnvironmentRepository [NativeEnvironmentRepository.java : 264] Adding property source: file:D:/config/bitflash/bitflash-user-dev.yml (document #2)
2018-08-13 09:25:09,803 [INFO] [http-nio-8888-exec-3] o.s.context.annotation.AnnotationConfigApplicationContext [AbstractApplicationContext.java : 993] Closing org.springframework.context.annotation.AnnotationConfigApplicationContext@1989058: startup date [Mon Aug 13 09:25:09 CST 2018]; root of context hierarchy
2018-08-13 09:27:11,940 [INFO] [http-nio-8888-exec-5] o.s.context.annotation.AnnotationConfigApplicationContext [AbstractApplicationContext.java : 590] Refreshing org.springframework.context.annotation.AnnotationConfigApplicationContext@64d7bf: startup date [Mon Aug 13 09:27:11 CST 2018]; root of context hierarchy
2018-08-13 09:27:11,942 [INFO] [http-nio-8888-exec-5] o.s.b.f.annotation.AutowiredAnnotationBeanPostProcessor [AutowiredAnnotationBeanPostProcessor.java : 153] JSR-330 'javax.inject.Inject' annotation found and supported for autowiring
2018-08-13 09:27:11,945 [INFO] [http-nio-8888-exec-5] o.s.c.config.server.environment.NativeEnvironmentRepository [NativeEnvironmentRepository.java : 264] Adding property source: file:D:/config/bitflash/bitflash-user-dev.yml (document #0)
2018-08-13 09:27:11,946 [INFO] [http-nio-8888-exec-5] o.s.c.config.server.environment.NativeEnvironmentRepository [NativeEnvironmentRepository.java : 264] Adding property source: file:D:/config/bitflash/bitflash-user-dev.yml (document #2)
2018-08-13 09:27:11,946 [INFO] [http-nio-8888-exec-5] o.s.context.annotation.AnnotationConfigApplicationContext [AbstractApplicationContext.java : 993] Closing org.springframework.context.annotation.AnnotationConfigApplicationContext@64d7bf: startup date [Mon Aug 13 09:27:11 CST 2018]; root of context hierarchy
2018-08-13 09:27:12,198 [INFO] [AsyncResolver-bootstrap-executor-0] c.n.discovery.shared.resolver.aws.ConfigClusterResolver [ConfigClusterResolver.java : 43] Resolving eureka endpoints via configuration
2018-08-13 09:28:51,918 [INFO] [http-nio-8888-exec-7] o.s.context.annotation.AnnotationConfigApplicationContext [AbstractApplicationContext.java : 590] Refreshing org.springframework.context.annotation.AnnotationConfigApplicationContext@781a60: startup date [Mon Aug 13 09:28:51 CST 2018]; root of context hierarchy
2018-08-13 09:28:51,921 [INFO] [http-nio-8888-exec-7] o.s.b.f.annotation.AutowiredAnnotationBeanPostProcessor [AutowiredAnnotationBeanPostProcessor.java : 153] JSR-330 'javax.inject.Inject' annotation found and supported for autowiring
2018-08-13 09:28:51,926 [INFO] [http-nio-8888-exec-7] o.s.c.config.server.environment.NativeEnvironmentRepository [NativeEnvironmentRepository.java : 264] Adding property source: file:D:/config/bitflash/bitflash-user-dev.yml (document #0)
2018-08-13 09:28:51,927 [INFO] [http-nio-8888-exec-7] o.s.c.config.server.environment.NativeEnvironmentRepository [NativeEnvironmentRepository.java : 264] Adding property source: file:D:/config/bitflash/bitflash-user-dev.yml (document #2)
2018-08-13 09:28:51,927 [INFO] [http-nio-8888-exec-7] o.s.context.annotation.AnnotationConfigApplicationContext [AbstractApplicationContext.java : 993] Closing org.springframework.context.annotation.AnnotationConfigApplicationContext@781a60: startup date [Mon Aug 13 09:28:51 CST 2018]; root of context hierarchy
2018-08-13 09:32:12,218 [INFO] [AsyncResolver-bootstrap-executor-0] c.n.discovery.shared.resolver.aws.ConfigClusterResolver [ConfigClusterResolver.java : 43] Resolving eureka endpoints via configuration
2018-08-13 09:37:12,239 [INFO] [AsyncResolver-bootstrap-executor-0] c.n.discovery.shared.resolver.aws.ConfigClusterResolver [ConfigClusterResolver.java : 43] Resolving eureka endpoints via configuration
2018-08-13 09:42:12,259 [INFO] [AsyncResolver-bootstrap-executor-0] c.n.discovery.shared.resolver.aws.ConfigClusterResolver [ConfigClusterResolver.java : 43] Resolving eureka endpoints via configuration
2018-08-13 09:47:12,280 [INFO] [AsyncResolver-bootstrap-executor-0] c.n.discovery.shared.resolver.aws.ConfigClusterResolver [ConfigClusterResolver.java : 43] Resolving eureka endpoints via configuration
2018-08-13 09:52:12,301 [INFO] [AsyncResolver-bootstrap-executor-0] c.n.discovery.shared.resolver.aws.ConfigClusterResolver [ConfigClusterResolver.java : 43] Resolving eureka endpoints via configuration
2018-08-13 09:57:12,321 [INFO] [AsyncResolver-bootstrap-executor-0] c.n.discovery.shared.resolver.aws.ConfigClusterResolver [ConfigClusterResolver.java : 43] Resolving eureka endpoints via configuration
2018-08-13 10:02:12,341 [INFO] [AsyncResolver-bootstrap-executor-0] c.n.discovery.shared.resolver.aws.ConfigClusterResolver [ConfigClusterResolver.java : 43] Resolving eureka endpoints via configuration
2018-08-13 10:07:12,362 [INFO] [AsyncResolver-bootstrap-executor-0] c.n.discovery.shared.resolver.aws.ConfigClusterResolver [ConfigClusterResolver.java : 43] Resolving eureka endpoints via configuration
2018-08-13 10:12:12,384 [INFO] [AsyncResolver-bootstrap-executor-0] c.n.discovery.shared.resolver.aws.ConfigClusterResolver [ConfigClusterResolver.java : 43] Resolving eureka endpoints via configuration
2018-08-13 10:46:16,667 [INFO] [main] cn.bitflash.BitflashConfigApplication [SpringApplication.java : 666] The following profiles are active: native
2018-08-13 10:46:16,682 [INFO] [main] o.s.b.w.s.c.AnnotationConfigServletWebServerApplicationContext [AbstractApplicationContext.java : 590] Refreshing org.springframework.boot.web.servlet.context.AnnotationConfigServletWebServerApplicationContext@167b837: startup date [Mon Aug 13 10:46:16 CST 2018]; parent: org.springframework.context.annotation.AnnotationConfigApplicationContext@14df057
2018-08-13 10:46:17,392 [INFO] [main] org.springframework.cloud.context.scope.GenericScope [GenericScope.java : 294] BeanFactory id=0bd606b7-7637-3741-a9fc-6cda8f1d1509
2018-08-13 10:46:17,408 [INFO] [main] o.s.b.f.annotation.AutowiredAnnotationBeanPostProcessor [AutowiredAnnotationBeanPostProcessor.java : 153] JSR-330 'javax.inject.Inject' annotation found and supported for autowiring
2018-08-13 10:46:17,490 [INFO] [main] o.s.c.s.PostProcessorRegistrationDelegate$BeanPostProcessorChecker [PostProcessorRegistrationDelegate.java : 326] Bean 'org.springframework.cloud.autoconfigure.ConfigurationPropertiesRebinderAutoConfiguration' of type [org.springframework.cloud.autoconfigure.ConfigurationPropertiesRebinderAutoConfiguration$$EnhancerBySpringCGLIB$$d26ce252] is not eligible for getting processed by all BeanPostProcessors (for example: not eligible for auto-proxying)
2018-08-13 10:46:17,776 [INFO] [main] org.springframework.boot.web.embedded.tomcat.TomcatWebServer [TomcatWebServer.java : 91] Tomcat initialized with port(s): 8888 (http)
2018-08-13 10:46:17,790 [INFO] [main] org.apache.catalina.core.StandardService [DirectJDKLog.java : 180] Starting service [Tomcat]
2018-08-13 10:46:17,790 [INFO] [main] org.apache.catalina.core.StandardEngine [DirectJDKLog.java : 180] Starting Servlet Engine: Apache Tomcat/8.5.32
2018-08-13 10:46:17,793 [INFO] [localhost-startStop-1] org.apache.catalina.core.AprLifecycleListener [DirectJDKLog.java : 180] The APR based Apache Tomcat Native library which allows optimal performance in production environments was not found on the java.library.path: [D:\Program Files (x86)\Java\jdk1.8.0_131\bin;C:\Windows\Sun\Java\bin;C:\Windows\system32;C:\Windows;D:\Program Files (x86)\Java\jdk1.8.0_131\bin;D:\Program Files (x86)\Java\jdk1.8.0_131\jre\bin;D:\apache-maven-3.5.4\bin;C:\ProgramData\Oracle\Java\javapath;C:\Windows\system32;C:\Windows;C:\Windows\System32\Wbem;C:\Windows\System32\WindowsPowerShell\v1.0\;C:\Program Files\nodejs\;C:\Program Files\Git\cmd;C:\Program Files\TortoiseGit\bin;C:\Users\Administrator.PC-20180611FKLP\AppData\Roaming\npm;C:\Program Files\Docker Toolbox;.]
2018-08-13 10:46:17,912 [INFO] [localhost-startStop-1] o.a.catalina.core.ContainerBase.[Tomcat].[localhost].[/] [DirectJDKLog.java : 180] Initializing Spring embedded WebApplicationContext
2018-08-13 10:46:17,912 [INFO] [localhost-startStop-1] org.springframework.web.context.ContextLoader [ServletWebServerApplicationContext.java : 285] Root WebApplicationContext: initialization completed in 1230 ms
2018-08-13 10:46:18,039 [WARN] [localhost-startStop-1] com.netflix.config.sources.URLConfigurationSource [URLConfigurationSource.java : 121] No URLs will be polled as dynamic configuration sources.
2018-08-13 10:46:18,039 [INFO] [localhost-startStop-1] com.netflix.config.sources.URLConfigurationSource [URLConfigurationSource.java : 122] To enable URLs as dynamic configuration sources, define System property archaius.configurationSource.additionalUrls or make config.properties available on classpath.
2018-08-13 10:46:18,049 [INFO] [localhost-startStop-1] com.netflix.config.DynamicPropertyFactory [DynamicPropertyFactory.java : 281] DynamicPropertyFactory is initialized with configuration sources: com.netflix.config.ConcurrentCompositeConfiguration@c63afb
2018-08-13 10:46:19,334 [INFO] [localhost-startStop-1] org.springframework.boot.web.servlet.FilterRegistrationBean [AbstractFilterRegistrationBean.java : 245] Mapping filter: 'characterEncodingFilter' to: [/*]
2018-08-13 10:46:19,335 [INFO] [localhost-startStop-1] org.springframework.boot.web.servlet.FilterRegistrationBean [AbstractFilterRegistrationBean.java : 245] Mapping filter: 'webMvcMetricsFilter' to: [/*]
2018-08-13 10:46:19,335 [INFO] [localhost-startStop-1] org.springframework.boot.web.servlet.FilterRegistrationBean [AbstractFilterRegistrationBean.java : 245] Mapping filter: 'hiddenHttpMethodFilter' to: [/*]
2018-08-13 10:46:19,335 [INFO] [localhost-startStop-1] org.springframework.boot.web.servlet.FilterRegistrationBean [AbstractFilterRegistrationBean.java : 245] Mapping filter: 'httpPutFormContentFilter' to: [/*]
2018-08-13 10:46:19,335 [INFO] [localhost-startStop-1] org.springframework.boot.web.servlet.FilterRegistrationBean [AbstractFilterRegistrationBean.java : 245] Mapping filter: 'requestContextFilter' to: [/*]
2018-08-13 10:46:19,335 [INFO] [localhost-startStop-1] org.springframework.boot.web.servlet.FilterRegistrationBean [AbstractFilterRegistrationBean.java : 245] Mapping filter: 'httpTraceFilter' to: [/*]
2018-08-13 10:46:19,335 [INFO] [localhost-startStop-1] org.springframework.boot.web.servlet.ServletRegistrationBean [ServletRegistrationBean.java : 187] Servlet dispatcherServlet mapped to [/]
2018-08-13 10:46:19,377 [WARN] [main] com.netflix.config.sources.URLConfigurationSource [URLConfigurationSource.java : 121] No URLs will be polled as dynamic configuration sources.
2018-08-13 10:46:19,377 [INFO] [main] com.netflix.config.sources.URLConfigurationSource [URLConfigurationSource.java : 122] To enable URLs as dynamic configuration sources, define System property archaius.configurationSource.additionalUrls or make config.properties available on classpath.
2018-08-13 10:46:19,434 [INFO] [main] o.s.web.servlet.handler.SimpleUrlHandlerMapping [AbstractUrlHandlerMapping.java : 373] Mapped URL path [/**/favicon.ico] onto handler of type [class org.springframework.web.servlet.resource.ResourceHttpRequestHandler]
2018-08-13 10:46:19,582 [INFO] [main] o.s.w.s.mvc.method.annotation.RequestMappingHandlerAdapter [RequestMappingHandlerAdapter.java : 574] Looking for @ControllerAdvice: org.springframework.boot.web.servlet.context.AnnotationConfigServletWebServerApplicationContext@167b837: startup date [Mon Aug 13 10:46:16 CST 2018]; parent: org.springframework.context.annotation.AnnotationConfigApplicationContext@14df057
2018-08-13 10:46:19,641 [INFO] [main] o.s.w.s.mvc.method.annotation.RequestMappingHandlerMapping [AbstractHandlerMethodMapping.java : 547] Mapped "{[/error]}" onto public org.springframework.http.ResponseEntity<java.util.Map<java.lang.String, java.lang.Object>> org.springframework.boot.autoconfigure.web.servlet.error.BasicErrorController.error(javax.servlet.http.HttpServletRequest)
2018-08-13 10:46:19,642 [INFO] [main] o.s.w.s.mvc.method.annotation.RequestMappingHandlerMapping [AbstractHandlerMethodMapping.java : 547] Mapped "{[/error],produces=[text/html]}" onto public org.springframework.web.servlet.ModelAndView org.springframework.boot.autoconfigure.web.servlet.error.BasicErrorController.errorHtml(javax.servlet.http.HttpServletRequest,javax.servlet.http.HttpServletResponse)
2018-08-13 10:46:19,650 [INFO] [main] o.s.w.s.mvc.method.annotation.RequestMappingHandlerMapping [AbstractHandlerMethodMapping.java : 547] Mapped "{[/encrypt],methods=[POST]}" onto public java.lang.String org.springframework.cloud.config.server.encryption.EncryptionController.encrypt(java.lang.String,org.springframework.http.MediaType)
2018-08-13 10:46:19,651 [INFO] [main] o.s.w.s.mvc.method.annotation.RequestMappingHandlerMapping [AbstractHandlerMethodMapping.java : 547] Mapped "{[/encrypt/{name}/{profiles}],methods=[POST]}" onto public java.lang.String org.springframework.cloud.config.server.encryption.EncryptionController.encrypt(java.lang.String,java.lang.String,java.lang.String,org.springframework.http.MediaType)
2018-08-13 10:46:19,651 [INFO] [main] o.s.w.s.mvc.method.annotation.RequestMappingHandlerMapping [AbstractHandlerMethodMapping.java : 547] Mapped "{[/decrypt/{name}/{profiles}],methods=[POST]}" onto public java.lang.String org.springframework.cloud.config.server.encryption.EncryptionController.decrypt(java.lang.String,java.lang.String,java.lang.String,org.springframework.http.MediaType)
2018-08-13 10:46:19,652 [INFO] [main] o.s.w.s.mvc.method.annotation.RequestMappingHandlerMapping [AbstractHandlerMethodMapping.java : 547] Mapped "{[/decrypt],methods=[POST]}" onto public java.lang.String org.springframework.cloud.config.server.encryption.EncryptionController.decrypt(java.lang.String,org.springframework.http.MediaType)
2018-08-13 10:46:19,652 [INFO] [main] o.s.w.s.mvc.method.annotation.RequestMappingHandlerMapping [AbstractHandlerMethodMapping.java : 547] Mapped "{[/encrypt/status],methods=[GET]}" onto public java.util.Map<java.lang.String, java.lang.Object> org.springframework.cloud.config.server.encryption.EncryptionController.status()
2018-08-13 10:46:19,652 [INFO] [main] o.s.w.s.mvc.method.annotation.RequestMappingHandlerMapping [AbstractHandlerMethodMapping.java : 547] Mapped "{[/key],methods=[GET]}" onto public java.lang.String org.springframework.cloud.config.server.encryption.EncryptionController.getPublicKey()
2018-08-13 10:46:19,653 [INFO] [main] o.s.w.s.mvc.method.annotation.RequestMappingHandlerMapping [AbstractHandlerMethodMapping.java : 547] Mapped "{[/key/{name}/{profiles}],methods=[GET]}" onto public java.lang.String org.springframework.cloud.config.server.encryption.EncryptionController.getPublicKey(java.lang.String,java.lang.String)
2018-08-13 10:46:19,657 [INFO] [main] o.s.w.s.mvc.method.annotation.RequestMappingHandlerMapping [AbstractHandlerMethodMapping.java : 547] Mapped "{[/{name}-{profiles}.properties],methods=[GET]}" onto public org.springframework.http.ResponseEntity<java.lang.String> org.springframework.cloud.config.server.environment.EnvironmentController.properties(java.lang.String,java.lang.String,boolean) throws java.io.IOException
2018-08-13 10:46:19,657 [INFO] [main] o.s.w.s.mvc.method.annotation.RequestMappingHandlerMapping [AbstractHandlerMethodMapping.java : 547] Mapped "{[/{name}-{profiles}.yml || /{name}-{profiles}.yaml],methods=[GET]}" onto public org.springframework.http.ResponseEntity<java.lang.String> org.springframework.cloud.config.server.environment.EnvironmentController.yaml(java.lang.String,java.lang.String,boolean) throws java.lang.Exception
2018-08-13 10:46:19,657 [INFO] [main] o.s.w.s.mvc.method.annotation.RequestMappingHandlerMapping [AbstractHandlerMethodMapping.java : 547] Mapped "{[/{name}/{profiles:.*[^-].*}],methods=[GET]}" onto public org.springframework.cloud.config.environment.Environment org.springframework.cloud.config.server.environment.EnvironmentController.defaultLabel(java.lang.String,java.lang.String)
2018-08-13 10:46:19,658 [INFO] [main] o.s.w.s.mvc.method.annotation.RequestMappingHandlerMapping [AbstractHandlerMethodMapping.java : 547] Mapped "{[/{name}/{profiles}/{label:.*}],methods=[GET]}" onto public org.springframework.cloud.config.environment.Environment org.springframework.cloud.config.server.environment.EnvironmentController.labelled(java.lang.String,java.lang.String,java.lang.String)
2018-08-13 10:46:19,658 [INFO] [main] o.s.w.s.mvc.method.annotation.RequestMappingHandlerMapping [AbstractHandlerMethodMapping.java : 547] Mapped "{[/{label}/{name}-{profiles}.properties],methods=[GET]}" onto public org.springframework.http.ResponseEntity<java.lang.String> org.springframework.cloud.config.server.environment.EnvironmentController.labelledProperties(java.lang.String,java.lang.String,java.lang.String,boolean) throws java.io.IOException
2018-08-13 10:46:19,658 [INFO] [main] o.s.w.s.mvc.method.annotation.RequestMappingHandlerMapping [AbstractHandlerMethodMapping.java : 547] Mapped "{[/{label}/{name}-{profiles}.json],methods=[GET]}" onto public org.springframework.http.ResponseEntity<java.lang.String> org.springframework.cloud.config.server.environment.EnvironmentController.labelledJsonProperties(java.lang.String,java.lang.String,java.lang.String,boolean) throws java.lang.Exception
2018-08-13 10:46:19,659 [INFO] [main] o.s.w.s.mvc.method.annotation.RequestMappingHandlerMapping [AbstractHandlerMethodMapping.java : 547] Mapped "{[/{name}-{profiles}.json],methods=[GET]}" onto public org.springframework.http.ResponseEntity<java.lang.String> org.springframework.cloud.config.server.environment.EnvironmentController.jsonProperties(java.lang.String,java.lang.String,boolean) throws java.lang.Exception
2018-08-13 10:46:19,659 [INFO] [main] o.s.w.s.mvc.method.annotation.RequestMappingHandlerMapping [AbstractHandlerMethodMapping.java : 547] Mapped "{[/{label}/{name}-{profiles}.yml || /{label}/{name}-{profiles}.yaml],methods=[GET]}" onto public org.springframework.http.ResponseEntity<java.lang.String> org.springframework.cloud.config.server.environment.EnvironmentController.labelledYaml(java.lang.String,java.lang.String,java.lang.String,boolean) throws java.lang.Exception
2018-08-13 10:46:19,662 [INFO] [main] o.s.w.s.mvc.method.annotation.RequestMappingHandlerMapping [AbstractHandlerMethodMapping.java : 547] Mapped "{[/{name}/{profile}/{label}/**],methods=[GET],produces=[application/octet-stream]}" onto public synchronized byte[] org.springframework.cloud.config.server.resource.ResourceController.binary(java.lang.String,java.lang.String,java.lang.String,javax.servlet.http.HttpServletRequest) throws java.io.IOException
2018-08-13 10:46:19,663 [INFO] [main] o.s.w.s.mvc.method.annotation.RequestMappingHandlerMapping [AbstractHandlerMethodMapping.java : 547] Mapped "{[/{name}/{profile}/{label}/**],methods=[GET]}" onto public java.lang.String org.springframework.cloud.config.server.resource.ResourceController.retrieve(java.lang.String,java.lang.String,java.lang.String,javax.servlet.http.HttpServletRequest,boolean) throws java.io.IOException
2018-08-13 10:46:19,663 [INFO] [main] o.s.w.s.mvc.method.annotation.RequestMappingHandlerMapping [AbstractHandlerMethodMapping.java : 547] Mapped "{[/{name}/{profile}/**],methods=[GET],params=[useDefaultLabel]}" onto public java.lang.String org.springframework.cloud.config.server.resource.ResourceController.retrieve(java.lang.String,java.lang.String,javax.servlet.http.HttpServletRequest,boolean) throws java.io.IOException
2018-08-13 10:46:19,682 [INFO] [main] o.s.web.servlet.handler.SimpleUrlHandlerMapping [AbstractUrlHandlerMapping.java : 373] Mapped URL path [/webjars/**] onto handler of type [class org.springframework.web.servlet.resource.ResourceHttpRequestHandler]
2018-08-13 10:46:19,683 [INFO] [main] o.s.web.servlet.handler.SimpleUrlHandlerMapping [AbstractUrlHandlerMapping.java : 373] Mapped URL path [/**] onto handler of type [class org.springframework.web.servlet.resource.ResourceHttpRequestHandler]
2018-08-13 10:46:20,281 [INFO] [main] o.s.boot.actuate.endpoint.web.EndpointLinksResolver [EndpointLinksResolver.java : 59] Exposing 2 endpoint(s) beneath base path '/actuator'
2018-08-13 10:46:20,290 [INFO] [main] o.s.b.a.endpoint.web.servlet.WebMvcEndpointHandlerMapping [AbstractHandlerMethodMapping.java : 547] Mapped "{[/actuator/health],methods=[GET],produces=[application/vnd.spring-boot.actuator.v2+json || application/json]}" onto public java.lang.Object org.springframework.boot.actuate.endpoint.web.servlet.AbstractWebMvcEndpointHandlerMapping$OperationHandler.handle(javax.servlet.http.HttpServletRequest,java.util.Map<java.lang.String, java.lang.String>)
2018-08-13 10:46:20,290 [INFO] [main] o.s.b.a.endpoint.web.servlet.WebMvcEndpointHandlerMapping [AbstractHandlerMethodMapping.java : 547] Mapped "{[/actuator/info],methods=[GET],produces=[application/vnd.spring-boot.actuator.v2+json || application/json]}" onto public java.lang.Object org.springframework.boot.actuate.endpoint.web.servlet.AbstractWebMvcEndpointHandlerMapping$OperationHandler.handle(javax.servlet.http.HttpServletRequest,java.util.Map<java.lang.String, java.lang.String>)
2018-08-13 10:46:20,291 [INFO] [main] o.s.b.a.endpoint.web.servlet.WebMvcEndpointHandlerMapping [AbstractHandlerMethodMapping.java : 547] Mapped "{[/actuator],methods=[GET],produces=[application/vnd.spring-boot.actuator.v2+json || application/json]}" onto protected java.util.Map<java.lang.String, java.util.Map<java.lang.String, org.springframework.boot.actuate.endpoint.web.Link>> org.springframework.boot.actuate.endpoint.web.servlet.WebMvcEndpointHandlerMapping.links(javax.servlet.http.HttpServletRequest,javax.servlet.http.HttpServletResponse)
2018-08-13 10:46:20,335 [INFO] [main] o.s.jmx.export.annotation.AnnotationMBeanExporter [MBeanExporter.java : 433] Registering beans for JMX exposure on startup
2018-08-13 10:46:20,342 [INFO] [main] o.s.jmx.export.annotation.AnnotationMBeanExporter [MBeanExporter.java : 895] Bean with name 'environmentManager' has been autodetected for JMX exposure
2018-08-13 10:46:20,343 [INFO] [main] o.s.jmx.export.annotation.AnnotationMBeanExporter [MBeanExporter.java : 895] Bean with name 'configurationPropertiesRebinder' has been autodetected for JMX exposure
2018-08-13 10:46:20,343 [INFO] [main] o.s.jmx.export.annotation.AnnotationMBeanExporter [MBeanExporter.java : 895] Bean with name 'refreshScope' has been autodetected for JMX exposure
2018-08-13 10:46:20,346 [INFO] [main] o.s.jmx.export.annotation.AnnotationMBeanExporter [MBeanExporter.java : 675] Located managed bean 'environmentManager': registering with JMX server as MBean [org.springframework.cloud.context.environment:name=environmentManager,type=EnvironmentManager]
2018-08-13 10:46:20,353 [INFO] [main] o.s.jmx.export.annotation.AnnotationMBeanExporter [MBeanExporter.java : 675] Located managed bean 'refreshScope': registering with JMX server as MBean [org.springframework.cloud.context.scope.refresh:name=refreshScope,type=RefreshScope]
2018-08-13 10:46:20,360 [INFO] [main] o.s.jmx.export.annotation.AnnotationMBeanExporter [MBeanExporter.java : 675] Located managed bean 'configurationPropertiesRebinder': registering with JMX server as MBean [org.springframework.cloud.context.properties:name=configurationPropertiesRebinder,context=167b837,type=ConfigurationPropertiesRebinder]
2018-08-13 10:46:20,368 [INFO] [main] o.springframework.context.support.DefaultLifecycleProcessor [DefaultLifecycleProcessor.java : 351] Starting beans in phase 0
2018-08-13 10:46:20,379 [INFO] [main] org.springframework.cloud.netflix.eureka.InstanceInfoFactory [InstanceInfoFactory.java : 71] Setting initial instance status as: STARTING
2018-08-13 10:46:20,406 [INFO] [main] com.netflix.discovery.DiscoveryClient [DiscoveryClient.java : 349] Initializing Eureka in region us-east-1
2018-08-13 10:46:20,752 [INFO] [main] com.netflix.discovery.provider.DiscoveryJerseyProvider [DiscoveryJerseyProvider.java : 70] Using JSON encoding codec LegacyJacksonJson
2018-08-13 10:46:20,752 [INFO] [main] com.netflix.discovery.provider.DiscoveryJerseyProvider [DiscoveryJerseyProvider.java : 71] Using JSON decoding codec LegacyJacksonJson
2018-08-13 10:46:20,846 [INFO] [main] com.netflix.discovery.provider.DiscoveryJerseyProvider [DiscoveryJerseyProvider.java : 80] Using XML encoding codec XStreamXml
2018-08-13 10:46:20,846 [INFO] [main] com.netflix.discovery.provider.DiscoveryJerseyProvider [DiscoveryJerseyProvider.java : 81] Using XML decoding codec XStreamXml
2018-08-13 10:46:20,976 [INFO] [main] c.n.discovery.shared.resolver.aws.ConfigClusterResolver [ConfigClusterResolver.java : 43] Resolving eureka endpoints via configuration
2018-08-13 10:46:21,137 [INFO] [main] com.netflix.discovery.DiscoveryClient [DiscoveryClient.java : 958] Disable delta property : false
2018-08-13 10:46:21,137 [INFO] [main] com.netflix.discovery.DiscoveryClient [DiscoveryClient.java : 959] Single vip registry refresh property : null
2018-08-13 10:46:21,137 [INFO] [main] com.netflix.discovery.DiscoveryClient [DiscoveryClient.java : 960] Force full registry fetch : false
2018-08-13 10:46:21,137 [INFO] [main] com.netflix.discovery.DiscoveryClient [DiscoveryClient.java : 961] Application is null : false
2018-08-13 10:46:21,137 [INFO] [main] com.netflix.discovery.DiscoveryClient [DiscoveryClient.java : 962] Registered Applications size is zero : true
2018-08-13 10:46:21,137 [INFO] [main] com.netflix.discovery.DiscoveryClient [DiscoveryClient.java : 964] Application version is -1: true
2018-08-13 10:46:21,138 [INFO] [main] com.netflix.discovery.DiscoveryClient [DiscoveryClient.java : 1047] Getting all instance registry info from the eureka server
2018-08-13 10:46:21,361 [INFO] [main] com.netflix.discovery.DiscoveryClient [DiscoveryClient.java : 1056] The response status is 200
2018-08-13 10:46:21,363 [INFO] [main] com.netflix.discovery.DiscoveryClient [DiscoveryClient.java : 1264] Starting heartbeat executor: renew interval is: 30
2018-08-13 10:46:21,365 [INFO] [main] com.netflix.discovery.InstanceInfoReplicator [InstanceInfoReplicator.java : 60] InstanceInfoReplicator onDemand update allowed rate per min is 4
2018-08-13 10:46:21,368 [INFO] [main] com.netflix.discovery.DiscoveryClient [DiscoveryClient.java : 449] Discovery Client initialized at timestamp 1534128381367 with initial instances count: 0
2018-08-13 10:46:21,371 [INFO] [main] o.s.c.netflix.eureka.serviceregistry.EurekaServiceRegistry [EurekaServiceRegistry.java : 42] Registering application springcloud-config-server with eureka with status UP
2018-08-13 10:46:21,372 [INFO] [main] com.netflix.discovery.DiscoveryClient [DiscoveryClient.java : 1299] Saw local status change event StatusChangeEvent [timestamp=1534128381372, current=UP, previous=STARTING]
2018-08-13 10:46:21,373 [INFO] [DiscoveryClient-InstanceInfoReplicator-0] com.netflix.discovery.DiscoveryClient [DiscoveryClient.java : 826] DiscoveryClient_SPRINGCLOUD-CONFIG-SERVER/192.168.31.158:8888: registering service...
2018-08-13 10:46:21,418 [INFO] [main] org.springframework.boot.web.embedded.tomcat.TomcatWebServer [TomcatWebServer.java : 206] Tomcat started on port(s): 8888 (http) with context path ''
2018-08-13 10:46:21,419 [INFO] [main] o.s.c.n.eureka.serviceregistry.EurekaAutoServiceRegistration [EurekaAutoServiceRegistration.java : 124] Updating port to 8888
2018-08-13 10:46:21,421 [INFO] [main] cn.bitflash.BitflashConfigApplication [StartupInfoLogger.java : 59] Started BitflashConfigApplication in 6.097 seconds (JVM running for 6.922)
2018-08-13 10:46:21,455 [INFO] [DiscoveryClient-InstanceInfoReplicator-0] com.netflix.discovery.DiscoveryClient [DiscoveryClient.java : 835] DiscoveryClient_SPRINGCLOUD-CONFIG-SERVER/192.168.31.158:8888 - registration status: 204
2018-08-13 10:46:23,116 [INFO] [RMI TCP Connection(8)-127.0.0.1] o.a.catalina.core.ContainerBase.[Tomcat].[localhost].[/] [DirectJDKLog.java : 180] Initializing Spring FrameworkServlet 'dispatcherServlet'
2018-08-13 10:46:23,117 [INFO] [RMI TCP Connection(8)-127.0.0.1] org.springframework.web.servlet.DispatcherServlet [FrameworkServlet.java : 494] FrameworkServlet 'dispatcherServlet': initialization started
2018-08-13 10:46:23,130 [INFO] [RMI TCP Connection(8)-127.0.0.1] org.springframework.web.servlet.DispatcherServlet [FrameworkServlet.java : 509] FrameworkServlet 'dispatcherServlet': initialization completed in 13 ms
2018-08-13 10:46:23,475 [INFO] [RMI TCP Connection(4)-127.0.0.1] o.s.context.annotation.AnnotationConfigApplicationContext [AbstractApplicationContext.java : 590] Refreshing org.springframework.context.annotation.AnnotationConfigApplicationContext@174e66c: startup date [Mon Aug 13 10:46:23 CST 2018]; root of context hierarchy
2018-08-13 10:46:23,486 [INFO] [RMI TCP Connection(4)-127.0.0.1] o.s.b.f.annotation.AutowiredAnnotationBeanPostProcessor [AutowiredAnnotationBeanPostProcessor.java : 153] JSR-330 'javax.inject.Inject' annotation found and supported for autowiring
2018-08-13 10:46:23,527 [INFO] [RMI TCP Connection(4)-127.0.0.1] o.s.context.annotation.AnnotationConfigApplicationContext [AbstractApplicationContext.java : 993] Closing org.springframework.context.annotation.AnnotationConfigApplicationContext@174e66c: startup date [Mon Aug 13 10:46:23 CST 2018]; root of context hierarchy
2018-08-13 10:46:37,523 [INFO] [http-nio-8888-exec-2] o.s.context.annotation.AnnotationConfigApplicationContext [AbstractApplicationContext.java : 590] Refreshing org.springframework.context.annotation.AnnotationConfigApplicationContext@1b72d8d: startup date [Mon Aug 13 10:46:37 CST 2018]; root of context hierarchy
2018-08-13 10:46:37,537 [INFO] [http-nio-8888-exec-2] o.s.b.f.annotation.AutowiredAnnotationBeanPostProcessor [AutowiredAnnotationBeanPostProcessor.java : 153] JSR-330 'javax.inject.Inject' annotation found and supported for autowiring
2018-08-13 10:46:37,559 [INFO] [http-nio-8888-exec-2] o.s.c.config.server.environment.NativeEnvironmentRepository [NativeEnvironmentRepository.java : 264] Adding property source: file:D:/config/bitflash/bitflash-user-dev.yml (document #0)
2018-08-13 10:46:37,560 [INFO] [http-nio-8888-exec-2] o.s.c.config.server.environment.NativeEnvironmentRepository [NativeEnvironmentRepository.java : 264] Adding property source: file:D:/config/bitflash/bitflash-user-dev.yml (document #2)
2018-08-13 10:46:37,560 [INFO] [http-nio-8888-exec-2] o.s.context.annotation.AnnotationConfigApplicationContext [AbstractApplicationContext.java : 993] Closing org.springframework.context.annotation.AnnotationConfigApplicationContext@1b72d8d: startup date [Mon Aug 13 10:46:37 CST 2018]; root of context hierarchy
2018-08-13 10:46:51,473 [INFO] [DiscoveryClient-CacheRefreshExecutor-0] com.netflix.discovery.DiscoveryClient [DiscoveryClient.java : 958] Disable delta property : false
2018-08-13 10:46:51,473 [INFO] [DiscoveryClient-CacheRefreshExecutor-0] com.netflix.discovery.DiscoveryClient [DiscoveryClient.java : 959] Single vip registry refresh property : null
2018-08-13 10:46:51,473 [INFO] [DiscoveryClient-CacheRefreshExecutor-0] com.netflix.discovery.DiscoveryClient [DiscoveryClient.java : 960] Force full registry fetch : false
2018-08-13 10:46:51,473 [INFO] [DiscoveryClient-CacheRefreshExecutor-0] com.netflix.discovery.DiscoveryClient [DiscoveryClient.java : 961] Application is null : false
2018-08-13 10:46:51,473 [INFO] [DiscoveryClient-CacheRefreshExecutor-0] com.netflix.discovery.DiscoveryClient [DiscoveryClient.java : 962] Registered Applications size is zero : true
2018-08-13 10:46:51,474 [INFO] [DiscoveryClient-CacheRefreshExecutor-0] com.netflix.discovery.DiscoveryClient [DiscoveryClient.java : 964] Application version is -1: false
2018-08-13 10:46:51,474 [INFO] [DiscoveryClient-CacheRefreshExecutor-0] com.netflix.discovery.DiscoveryClient [DiscoveryClient.java : 1047] Getting all instance registry info from the eureka server
2018-08-13 10:46:51,512 [INFO] [DiscoveryClient-CacheRefreshExecutor-0] com.netflix.discovery.DiscoveryClient [DiscoveryClient.java : 1056] The response status is 200
2018-08-13 10:46:52,121 [INFO] [http-nio-8888-exec-4] o.s.context.annotation.AnnotationConfigApplicationContext [AbstractApplicationContext.java : 590] Refreshing org.springframework.context.annotation.AnnotationConfigApplicationContext@15c7f94: startup date [Mon Aug 13 10:46:52 CST 2018]; root of context hierarchy
2018-08-13 10:46:52,124 [INFO] [http-nio-8888-exec-4] o.s.b.f.annotation.AutowiredAnnotationBeanPostProcessor [AutowiredAnnotationBeanPostProcessor.java : 153] JSR-330 'javax.inject.Inject' annotation found and supported for autowiring
2018-08-13 10:46:52,128 [INFO] [http-nio-8888-exec-4] o.s.c.config.server.environment.NativeEnvironmentRepository [NativeEnvironmentRepository.java : 264] Adding property source: file:D:/config/bitflash/bitflash-user-dev.yml (document #0)
2018-08-13 10:46:52,129 [INFO] [http-nio-8888-exec-4] o.s.c.config.server.environment.NativeEnvironmentRepository [NativeEnvironmentRepository.java : 264] Adding property source: file:D:/config/bitflash/bitflash-user-dev.yml (document #2)
2018-08-13 10:46:52,129 [INFO] [http-nio-8888-exec-4] o.s.context.annotation.AnnotationConfigApplicationContext [AbstractApplicationContext.java : 993] Closing org.springframework.context.annotation.AnnotationConfigApplicationContext@15c7f94: startup date [Mon Aug 13 10:46:52 CST 2018]; root of context hierarchy
2018-08-13 10:51:21,160 [INFO] [AsyncResolver-bootstrap-executor-0] c.n.discovery.shared.resolver.aws.ConfigClusterResolver [ConfigClusterResolver.java : 43] Resolving eureka endpoints via configuration
2018-08-13 10:56:21,181 [INFO] [AsyncResolver-bootstrap-executor-0] c.n.discovery.shared.resolver.aws.ConfigClusterResolver [ConfigClusterResolver.java : 43] Resolving eureka endpoints via configuration
2018-08-13 11:01:21,202 [INFO] [AsyncResolver-bootstrap-executor-0] c.n.discovery.shared.resolver.aws.ConfigClusterResolver [ConfigClusterResolver.java : 43] Resolving eureka endpoints via configuration
2018-08-13 11:06:21,222 [INFO] [AsyncResolver-bootstrap-executor-0] c.n.discovery.shared.resolver.aws.ConfigClusterResolver [ConfigClusterResolver.java : 43] Resolving eureka endpoints via configuration
2018-08-13 11:11:21,243 [INFO] [AsyncResolver-bootstrap-executor-0] c.n.discovery.shared.resolver.aws.ConfigClusterResolver [ConfigClusterResolver.java : 43] Resolving eureka endpoints via configuration
2018-08-13 11:16:21,264 [INFO] [AsyncResolver-bootstrap-executor-0] c.n.discovery.shared.resolver.aws.ConfigClusterResolver [ConfigClusterResolver.java : 43] Resolving eureka endpoints via configuration
2018-08-13 11:21:21,285 [INFO] [AsyncResolver-bootstrap-executor-0] c.n.discovery.shared.resolver.aws.ConfigClusterResolver [ConfigClusterResolver.java : 43] Resolving eureka endpoints via configuration
2018-08-13 11:26:21,306 [INFO] [AsyncResolver-bootstrap-executor-0] c.n.discovery.shared.resolver.aws.ConfigClusterResolver [ConfigClusterResolver.java : 43] Resolving eureka endpoints via configuration
2018-08-13 11:31:21,326 [INFO] [AsyncResolver-bootstrap-executor-0] c.n.discovery.shared.resolver.aws.ConfigClusterResolver [ConfigClusterResolver.java : 43] Resolving eureka endpoints via configuration
2018-08-13 11:36:21,346 [INFO] [AsyncResolver-bootstrap-executor-0] c.n.discovery.shared.resolver.aws.ConfigClusterResolver [ConfigClusterResolver.java : 43] Resolving eureka endpoints via configuration
2018-08-13 11:41:21,367 [INFO] [AsyncResolver-bootstrap-executor-0] c.n.discovery.shared.resolver.aws.ConfigClusterResolver [ConfigClusterResolver.java : 43] Resolving eureka endpoints via configuration
2018-08-13 11:46:21,388 [INFO] [AsyncResolver-bootstrap-executor-0] c.n.discovery.shared.resolver.aws.ConfigClusterResolver [ConfigClusterResolver.java : 43] Resolving eureka endpoints via configuration
2018-08-13 11:51:21,409 [INFO] [AsyncResolver-bootstrap-executor-0] c.n.discovery.shared.resolver.aws.ConfigClusterResolver [ConfigClusterResolver.java : 43] Resolving eureka endpoints via configuration
2018-08-13 11:56:21,431 [INFO] [AsyncResolver-bootstrap-executor-0] c.n.discovery.shared.resolver.aws.ConfigClusterResolver [ConfigClusterResolver.java : 43] Resolving eureka endpoints via configuration
2018-08-13 12:01:21,452 [INFO] [AsyncResolver-bootstrap-executor-0] c.n.discovery.shared.resolver.aws.ConfigClusterResolver [ConfigClusterResolver.java : 43] Resolving eureka endpoints via configuration
2018-08-13 12:06:21,473 [INFO] [AsyncResolver-bootstrap-executor-0] c.n.discovery.shared.resolver.aws.ConfigClusterResolver [ConfigClusterResolver.java : 43] Resolving eureka endpoints via configuration
2018-08-13 12:11:21,494 [INFO] [AsyncResolver-bootstrap-executor-0] c.n.discovery.shared.resolver.aws.ConfigClusterResolver [ConfigClusterResolver.java : 43] Resolving eureka endpoints via configuration
2018-08-13 12:16:21,515 [INFO] [AsyncResolver-bootstrap-executor-0] c.n.discovery.shared.resolver.aws.ConfigClusterResolver [ConfigClusterResolver.java : 43] Resolving eureka endpoints via configuration
2018-08-13 12:21:21,536 [INFO] [AsyncResolver-bootstrap-executor-0] c.n.discovery.shared.resolver.aws.ConfigClusterResolver [ConfigClusterResolver.java : 43] Resolving eureka endpoints via configuration
2018-08-13 12:26:21,557 [INFO] [AsyncResolver-bootstrap-executor-0] c.n.discovery.shared.resolver.aws.ConfigClusterResolver [ConfigClusterResolver.java : 43] Resolving eureka endpoints via configuration
2018-08-13 12:31:21,578 [INFO] [AsyncResolver-bootstrap-executor-0] c.n.discovery.shared.resolver.aws.ConfigClusterResolver [ConfigClusterResolver.java : 43] Resolving eureka endpoints via configuration
2018-08-13 12:36:21,598 [INFO] [AsyncResolver-bootstrap-executor-0] c.n.discovery.shared.resolver.aws.ConfigClusterResolver [ConfigClusterResolver.java : 43] Resolving eureka endpoints via configuration
2018-08-13 12:41:21,619 [INFO] [AsyncResolver-bootstrap-executor-0] c.n.discovery.shared.resolver.aws.ConfigClusterResolver [ConfigClusterResolver.java : 43] Resolving eureka endpoints via configuration
2018-08-13 12:46:21,640 [INFO] [AsyncResolver-bootstrap-executor-0] c.n.discovery.shared.resolver.aws.ConfigClusterResolver [ConfigClusterResolver.java : 43] Resolving eureka endpoints via configuration
2018-08-13 12:51:21,661 [INFO] [AsyncResolver-bootstrap-executor-0] c.n.discovery.shared.resolver.aws.ConfigClusterResolver [ConfigClusterResolver.java : 43] Resolving eureka endpoints via configuration
2018-08-13 12:56:21,682 [INFO] [AsyncResolver-bootstrap-executor-0] c.n.discovery.shared.resolver.aws.ConfigClusterResolver [ConfigClusterResolver.java : 43] Resolving eureka endpoints via configuration
2018-08-13 13:01:21,703 [INFO] [AsyncResolver-bootstrap-executor-0] c.n.discovery.shared.resolver.aws.ConfigClusterResolver [ConfigClusterResolver.java : 43] Resolving eureka endpoints via configuration
2018-08-13 13:06:21,724 [INFO] [AsyncResolver-bootstrap-executor-0] c.n.discovery.shared.resolver.aws.ConfigClusterResolver [ConfigClusterResolver.java : 43] Resolving eureka endpoints via configuration
2018-08-13 13:11:21,745 [INFO] [AsyncResolver-bootstrap-executor-0] c.n.discovery.shared.resolver.aws.ConfigClusterResolver [ConfigClusterResolver.java : 43] Resolving eureka endpoints via configuration
2018-08-13 13:16:21,766 [INFO] [AsyncResolver-bootstrap-executor-0] c.n.discovery.shared.resolver.aws.ConfigClusterResolver [ConfigClusterResolver.java : 43] Resolving eureka endpoints via configuration
2018-08-13 13:21:21,787 [INFO] [AsyncResolver-bootstrap-executor-0] c.n.discovery.shared.resolver.aws.ConfigClusterResolver [ConfigClusterResolver.java : 43] Resolving eureka endpoints via configuration
2018-08-13 13:26:21,823 [INFO] [AsyncResolver-bootstrap-executor-0] c.n.discovery.shared.resolver.aws.ConfigClusterResolver [ConfigClusterResolver.java : 43] Resolving eureka endpoints via configuration
2018-08-13 13:31:21,844 [INFO] [AsyncResolver-bootstrap-executor-0] c.n.discovery.shared.resolver.aws.ConfigClusterResolver [ConfigClusterResolver.java : 43] Resolving eureka endpoints via configuration
2018-08-13 13:36:21,865 [INFO] [AsyncResolver-bootstrap-executor-0] c.n.discovery.shared.resolver.aws.ConfigClusterResolver [ConfigClusterResolver.java : 43] Resolving eureka endpoints via configuration
2018-08-13 13:41:21,886 [INFO] [AsyncResolver-bootstrap-executor-0] c.n.discovery.shared.resolver.aws.ConfigClusterResolver [ConfigClusterResolver.java : 43] Resolving eureka endpoints via configuration
2018-08-13 13:46:21,908 [INFO] [AsyncResolver-bootstrap-executor-0] c.n.discovery.shared.resolver.aws.ConfigClusterResolver [ConfigClusterResolver.java : 43] Resolving eureka endpoints via configuration
2018-08-13 13:51:21,929 [INFO] [AsyncResolver-bootstrap-executor-0] c.n.discovery.shared.resolver.aws.ConfigClusterResolver [ConfigClusterResolver.java : 43] Resolving eureka endpoints via configuration
2018-08-13 13:56:21,950 [INFO] [AsyncResolver-bootstrap-executor-0] c.n.discovery.shared.resolver.aws.ConfigClusterResolver [ConfigClusterResolver.java : 43] Resolving eureka endpoints via configuration
2018-08-13 14:01:21,972 [INFO] [AsyncResolver-bootstrap-executor-0] c.n.discovery.shared.resolver.aws.ConfigClusterResolver [ConfigClusterResolver.java : 43] Resolving eureka endpoints via configuration
2018-08-13 14:06:21,993 [INFO] [AsyncResolver-bootstrap-executor-0] c.n.discovery.shared.resolver.aws.ConfigClusterResolver [ConfigClusterResolver.java : 43] Resolving eureka endpoints via configuration
2018-08-13 14:11:22,013 [INFO] [AsyncResolver-bootstrap-executor-0] c.n.discovery.shared.resolver.aws.ConfigClusterResolver [ConfigClusterResolver.java : 43] Resolving eureka endpoints via configuration
2018-08-13 14:16:22,034 [INFO] [AsyncResolver-bootstrap-executor-0] c.n.discovery.shared.resolver.aws.ConfigClusterResolver [ConfigClusterResolver.java : 43] Resolving eureka endpoints via configuration
2018-08-13 14:21:22,054 [INFO] [AsyncResolver-bootstrap-executor-0] c.n.discovery.shared.resolver.aws.ConfigClusterResolver [ConfigClusterResolver.java : 43] Resolving eureka endpoints via configuration
2018-08-13 14:26:22,075 [INFO] [AsyncResolver-bootstrap-executor-0] c.n.discovery.shared.resolver.aws.ConfigClusterResolver [ConfigClusterResolver.java : 43] Resolving eureka endpoints via configuration
2018-08-13 14:31:22,097 [INFO] [AsyncResolver-bootstrap-executor-0] c.n.discovery.shared.resolver.aws.ConfigClusterResolver [ConfigClusterResolver.java : 43] Resolving eureka endpoints via configuration
2018-08-13 14:36:22,118 [INFO] [AsyncResolver-bootstrap-executor-0] c.n.discovery.shared.resolver.aws.ConfigClusterResolver [ConfigClusterResolver.java : 43] Resolving eureka endpoints via configuration
2018-08-13 14:41:22,139 [INFO] [AsyncResolver-bootstrap-executor-0] c.n.discovery.shared.resolver.aws.ConfigClusterResolver [ConfigClusterResolver.java : 43] Resolving eureka endpoints via configuration
2018-08-13 14:46:22,171 [INFO] [AsyncResolver-bootstrap-executor-0] c.n.discovery.shared.resolver.aws.ConfigClusterResolver [ConfigClusterResolver.java : 43] Resolving eureka endpoints via configuration
2018-08-13 14:51:22,193 [INFO] [AsyncResolver-bootstrap-executor-0] c.n.discovery.shared.resolver.aws.ConfigClusterResolver [ConfigClusterResolver.java : 43] Resolving eureka endpoints via configuration
2018-08-13 14:56:22,214 [INFO] [AsyncResolver-bootstrap-executor-0] c.n.discovery.shared.resolver.aws.ConfigClusterResolver [ConfigClusterResolver.java : 43] Resolving eureka endpoints via configuration
2018-08-13 15:01:22,235 [INFO] [AsyncResolver-bootstrap-executor-0] c.n.discovery.shared.resolver.aws.ConfigClusterResolver [ConfigClusterResolver.java : 43] Resolving eureka endpoints via configuration
2018-08-13 15:06:22,256 [INFO] [AsyncResolver-bootstrap-executor-0] c.n.discovery.shared.resolver.aws.ConfigClusterResolver [ConfigClusterResolver.java : 43] Resolving eureka endpoints via configuration
2018-08-13 15:11:22,277 [INFO] [AsyncResolver-bootstrap-executor-0] c.n.discovery.shared.resolver.aws.ConfigClusterResolver [ConfigClusterResolver.java : 43] Resolving eureka endpoints via configuration
2018-08-13 15:16:22,298 [INFO] [AsyncResolver-bootstrap-executor-0] c.n.discovery.shared.resolver.aws.ConfigClusterResolver [ConfigClusterResolver.java : 43] Resolving eureka endpoints via configuration
2018-08-13 15:21:22,319 [INFO] [AsyncResolver-bootstrap-executor-0] c.n.discovery.shared.resolver.aws.ConfigClusterResolver [ConfigClusterResolver.java : 43] Resolving eureka endpoints via configuration
2018-08-13 15:26:22,340 [INFO] [AsyncResolver-bootstrap-executor-0] c.n.discovery.shared.resolver.aws.ConfigClusterResolver [ConfigClusterResolver.java : 43] Resolving eureka endpoints via configuration
2018-08-13 15:31:22,361 [INFO] [AsyncResolver-bootstrap-executor-0] c.n.discovery.shared.resolver.aws.ConfigClusterResolver [ConfigClusterResolver.java : 43] Resolving eureka endpoints via configuration
2018-08-13 15:36:22,382 [INFO] [AsyncResolver-bootstrap-executor-0] c.n.discovery.shared.resolver.aws.ConfigClusterResolver [ConfigClusterResolver.java : 43] Resolving eureka endpoints via configuration
